<?xml version="1.0" encoding="UTF-8"?>
<testsuite name="com.example.demo.CartServiceTest" tests="5" skipped="0" failures="0" errors="0" timestamp="2024-12-30T09:49:33" hostname="DESKTOP-OQT6SUJ" time="1.019">
  <properties/>
  <testcase name="testAddItemToCart_NewItem()" classname="com.example.demo.CartServiceTest" time="0.975"/>
  <testcase name="testClearCart()" classname="com.example.demo.CartServiceTest" time="0.016"/>
  <testcase name="testUpdateCartItem()" classname="com.example.demo.CartServiceTest" time="0.009"/>
  <testcase name="testRemoveItemFromCart()" classname="com.example.demo.CartServiceTest" time="0.008"/>
  <testcase name="testGetCartByJwtToken()" classname="com.example.demo.CartServiceTest" time="0.005"/>
  <system-out><![CDATA[]]></system-out>
  <system-err><![CDATA[]]></system-err>
</testsuite>
