<?xml version="1.0" encoding="UTF-8"?>
<testsuite name="com.example.demo.OrderRequestServiceTest" tests="8" skipped="0" failures="0" errors="0" timestamp="2024-12-30T11:21:06" hostname="DESKTOP-OQT6SUJ" time="0.969">
  <properties/>
  <testcase name="testDeleteOrder()" classname="com.example.demo.OrderRequestServiceTest" time="0.92"/>
  <testcase name="testUpdateOrderStatus()" classname="com.example.demo.OrderRequestServiceTest" time="0.013"/>
  <testcase name="testGetOrdersByUserId()" classname="com.example.demo.OrderRequestServiceTest" time="0.007"/>
  <testcase name="testGetAllOrders()" classname="com.example.demo.OrderRequestServiceTest" time="0.005"/>
  <testcase name="testGetOrderById_OrderExists()" classname="com.example.demo.OrderRequestServiceTest" time="0.002"/>
  <testcase name="testEditOrder_OrderExists()" classname="com.example.demo.OrderRequestServiceTest" time="0.004"/>
  <testcase name="testEditOrder_OrderNotFound()" classname="com.example.demo.OrderRequestServiceTest" time="0.005"/>
  <testcase name="testGetOrderById_OrderNotFound()" classname="com.example.demo.OrderRequestServiceTest" time="0.005"/>
  <system-out><![CDATA[]]></system-out>
  <system-err><![CDATA[]]></system-err>
</testsuite>
