<?xml version="1.0" encoding="UTF-8"?>
<testsuite name="com.example.demo.DemoApplicationTests" tests="1" skipped="0" failures="0" errors="0" timestamp="2024-11-22T15:25:36" hostname="DESKTOP-B7G8SLV" time="0.422">
  <properties/>
  <testcase name="contextLoads()" classname="com.example.demo.DemoApplicationTests" time="0.422"/>
  <system-out><![CDATA[Standard Commons Logging discovery in action with spring-jcl: please remove commons-logging.jar from classpath in order to avoid potential conflicts
22:25:27.257 [Test worker] INFO org.springframework.test.context.support.AnnotationConfigContextLoaderUtils -- Could not detect default configuration classes for test class [com.example.demo.DemoApplicationTests]: DemoApplicationTests does not declare any static, non-private, non-final, nested classes annotated with @Configuration.
22:25:27.329 [Test worker] INFO org.springframework.boot.test.context.SpringBootTestContextBootstrapper -- Found @SpringBootConfiguration com.example.demo.DemoApplication for test class com.example.demo.DemoApplicationTests

  .   ____          _            __ _ _
 /\\ / ___'_ __ _ _(_)_ __  __ _ \ \ \ \
( ( )\___ | '_ | '_| | '_ \/ _` | \ \ \ \
 \\/  ___)| |_)| | | | | || (_| |  ) ) ) )
  '  |____| .__|_| |_|_| |_\__, | / / / /
 =========|_|==============|___/=/_/_/_/

 :: Spring Boot ::       (v3.4.0-SNAPSHOT)

2024-11-22T22:25:27.574+07:00  INFO 28264 --- [demo] [    Test worker] com.example.demo.DemoApplicationTests    : Starting DemoApplicationTests using Java 20.0.1 with PID 28264 (started by NC in C:\Users\NC\Desktop\Java20-API\Tips-For-Effective-API-Design\demo)
2024-11-22T22:25:27.575+07:00  INFO 28264 --- [demo] [    Test worker] com.example.demo.DemoApplicationTests    : No active profile set, falling back to 1 default profile: "default"
2024-11-22T22:25:28.145+07:00  INFO 28264 --- [demo] [    Test worker] .s.d.r.c.RepositoryConfigurationDelegate : Bootstrapping Spring Data MongoDB repositories in DEFAULT mode.
2024-11-22T22:25:28.184+07:00  INFO 28264 --- [demo] [    Test worker] .s.d.r.c.RepositoryConfigurationDelegate : Finished Spring Data repository scanning in 35 ms. Found 5 MongoDB repository interfaces.
2024-11-22T22:25:28.517+07:00  INFO 28264 --- [demo] [    Test worker] org.mongodb.driver.client                : MongoClient with metadata {"driver": {"name": "mongo-java-driver|sync|spring-boot", "version": "5.2.1"}, "os": {"type": "Windows", "name": "Windows 11", "architecture": "amd64", "version": "10.0"}, "platform": "Java/Oracle Corporation/20.0.1+9-29"} created with settings MongoClientSettings{readPreference=primary, writeConcern=WriteConcern{w=majority, wTimeout=null ms, journal=null}, retryWrites=true, retryReads=true, readConcern=ReadConcern{level=null}, credential=MongoCredential{mechanism=null, userName='22520988', source='admin', password=<hidden>, mechanismProperties=<hidden>}, transportSettings=null, commandListeners=[io.micrometer.core.instrument.binder.mongodb.MongoMetricsCommandListener@6e068ac9], codecRegistry=ProvidersCodecRegistry{codecProviders=[ValueCodecProvider{}, BsonValueCodecProvider{}, DBRefCodecProvider{}, DBObjectCodecProvider{}, DocumentCodecProvider{}, CollectionCodecProvider{}, IterableCodecProvider{}, MapCodecProvider{}, GeoJsonCodecProvider{}, GridFSFileCodecProvider{}, Jsr310CodecProvider{}, JsonObjectCodecProvider{}, BsonCodecProvider{}, EnumCodecProvider{}, com.mongodb.client.model.mql.ExpressionCodecProvider@3d0352, com.mongodb.Jep395RecordCodecProvider@bb6f3f7, com.mongodb.KotlinCodecProvider@388f1258]}, loggerSettings=LoggerSettings{maxDocumentLength=1000}, clusterSettings={hosts=[127.0.0.1:27017], srvHost=cluster0.zeztdiz.mongodb.net, srvServiceName=mongodb, mode=MULTIPLE, requiredClusterType=REPLICA_SET, requiredReplicaSetName='atlas-kgg6c7-shard-0', serverSelector='null', clusterListeners='[]', serverSelectionTimeout='30000 ms', localThreshold='15 ms'}, socketSettings=SocketSettings{connectTimeoutMS=10000, readTimeoutMS=0, receiveBufferSize=0, proxySettings=ProxySettings{host=null, port=null, username=null, password=null}}, heartbeatSocketSettings=SocketSettings{connectTimeoutMS=10000, readTimeoutMS=10000, receiveBufferSize=0, proxySettings=ProxySettings{host=null, port=null, username=null, password=null}}, connectionPoolSettings=ConnectionPoolSettings{maxSize=100, minSize=0, maxWaitTimeMS=120000, maxConnectionLifeTimeMS=0, maxConnectionIdleTimeMS=0, maintenanceInitialDelayMS=0, maintenanceFrequencyMS=60000, connectionPoolListeners=[io.micrometer.core.instrument.binder.mongodb.MongoMetricsConnectionPoolListener@62058742], maxConnecting=2}, serverSettings=ServerSettings{heartbeatFrequencyMS=10000, minHeartbeatFrequencyMS=500, serverMonitoringMode=AUTO, serverListeners='[]', serverMonitorListeners='[]'}, sslSettings=SslSettings{enabled=true, invalidHostNameAllowed=false, context=null}, applicationName='null', compressorList=[], uuidRepresentation=JAVA_LEGACY, serverApi=null, autoEncryptionSettings=null, dnsClient=null, inetAddressResolver=null, contextProvider=null, timeoutMS=null}
2024-11-22T22:25:28.588+07:00  INFO 28264 --- [demo] [diz.mongodb.net] org.mongodb.driver.cluster               : Adding discovered server ac-wsatwkc-shard-00-02.zeztdiz.mongodb.net:27017 to client view of cluster
2024-11-22T22:25:28.609+07:00  INFO 28264 --- [demo] [diz.mongodb.net] org.mongodb.driver.cluster               : Adding discovered server ac-wsatwkc-shard-00-01.zeztdiz.mongodb.net:27017 to client view of cluster
2024-11-22T22:25:28.611+07:00  INFO 28264 --- [demo] [diz.mongodb.net] org.mongodb.driver.cluster               : Adding discovered server ac-wsatwkc-shard-00-00.zeztdiz.mongodb.net:27017 to client view of cluster
2024-11-22T22:25:28.964+07:00  INFO 28264 --- [demo] [ngodb.net:27017] org.mongodb.driver.cluster               : Monitor thread successfully connected to server with description ServerDescription{address=ac-wsatwkc-shard-00-01.zeztdiz.mongodb.net:27017, type=REPLICA_SET_PRIMARY, cryptd=false, state=CONNECTED, ok=true, minWireVersion=0, maxWireVersion=25, maxDocumentSize=16777216, logicalSessionTimeoutMinutes=30, roundTripTimeNanos=194808100, minRoundTripTimeNanos=0, setName='atlas-kgg6c7-shard-0', canonicalAddress=ac-wsatwkc-shard-00-01.zeztdiz.mongodb.net:27017, hosts=[ac-wsatwkc-shard-00-00.zeztdiz.mongodb.net:27017, ac-wsatwkc-shard-00-02.zeztdiz.mongodb.net:27017, ac-wsatwkc-shard-00-01.zeztdiz.mongodb.net:27017], passives=[], arbiters=[], primary='ac-wsatwkc-shard-00-01.zeztdiz.mongodb.net:27017', tagSet=TagSet{[Tag{name='availabilityZone', value='asia-southeast1-b'}, Tag{name='diskState', value='READY'}, Tag{name='nodeType', value='ELECTABLE'}, Tag{name='provider', value='GCP'}, Tag{name='region', value='SOUTHEASTERN_ASIA_PACIFIC'}, Tag{name='workloadType', value='OPERATIONAL'}]}, electionId=7fffffff00000000000006fd, setVersion=235, topologyVersion=TopologyVersion{processId=673b61708f83ec19c5f68841, counter=7}, lastWriteDate=Fri Nov 22 22:25:29 ICT 2024, lastUpdateTimeNanos=11478717289100}
2024-11-22T22:25:28.964+07:00  INFO 28264 --- [demo] [ngodb.net:27017] org.mongodb.driver.cluster               : Monitor thread successfully connected to server with description ServerDescription{address=ac-wsatwkc-shard-00-00.zeztdiz.mongodb.net:27017, type=REPLICA_SET_SECONDARY, cryptd=false, state=CONNECTED, ok=true, minWireVersion=0, maxWireVersion=25, maxDocumentSize=16777216, logicalSessionTimeoutMinutes=30, roundTripTimeNanos=166608500, minRoundTripTimeNanos=0, setName='atlas-kgg6c7-shard-0', canonicalAddress=ac-wsatwkc-shard-00-00.zeztdiz.mongodb.net:27017, hosts=[ac-wsatwkc-shard-00-00.zeztdiz.mongodb.net:27017, ac-wsatwkc-shard-00-02.zeztdiz.mongodb.net:27017, ac-wsatwkc-shard-00-01.zeztdiz.mongodb.net:27017], passives=[], arbiters=[], primary='ac-wsatwkc-shard-00-01.zeztdiz.mongodb.net:27017', tagSet=TagSet{[Tag{name='availabilityZone', value='asia-southeast1-a'}, Tag{name='diskState', value='READY'}, Tag{name='nodeType', value='ELECTABLE'}, Tag{name='provider', value='GCP'}, Tag{name='region', value='SOUTHEASTERN_ASIA_PACIFIC'}, Tag{name='workloadType', value='OPERATIONAL'}]}, electionId=null, setVersion=235, topologyVersion=TopologyVersion{processId=673b612ae4c8dd39c10f2056, counter=5}, lastWriteDate=Fri Nov 22 22:25:29 ICT 2024, lastUpdateTimeNanos=11478717289100}
2024-11-22T22:25:28.964+07:00  INFO 28264 --- [demo] [ngodb.net:27017] org.mongodb.driver.cluster               : Monitor thread successfully connected to server with description ServerDescription{address=ac-wsatwkc-shard-00-02.zeztdiz.mongodb.net:27017, type=REPLICA_SET_SECONDARY, cryptd=false, state=CONNECTED, ok=true, minWireVersion=0, maxWireVersion=25, maxDocumentSize=16777216, logicalSessionTimeoutMinutes=30, roundTripTimeNanos=164191400, minRoundTripTimeNanos=0, setName='atlas-kgg6c7-shard-0', canonicalAddress=ac-wsatwkc-shard-00-02.zeztdiz.mongodb.net:27017, hosts=[ac-wsatwkc-shard-00-00.zeztdiz.mongodb.net:27017, ac-wsatwkc-shard-00-02.zeztdiz.mongodb.net:27017, ac-wsatwkc-shard-00-01.zeztdiz.mongodb.net:27017], passives=[], arbiters=[], primary='ac-wsatwkc-shard-00-01.zeztdiz.mongodb.net:27017', tagSet=TagSet{[Tag{name='availabilityZone', value='asia-southeast1-c'}, Tag{name='diskState', value='READY'}, Tag{name='nodeType', value='ELECTABLE'}, Tag{name='provider', value='GCP'}, Tag{name='region', value='SOUTHEASTERN_ASIA_PACIFIC'}, Tag{name='workloadType', value='OPERATIONAL'}]}, electionId=null, setVersion=235, topologyVersion=TopologyVersion{processId=673b61b34a26794e37a11a14, counter=4}, lastWriteDate=Fri Nov 22 22:25:29 ICT 2024, lastUpdateTimeNanos=11478717289100}
2024-11-22T22:25:28.966+07:00  INFO 28264 --- [demo] [ngodb.net:27017] org.mongodb.driver.cluster               : Discovered replica set primary ac-wsatwkc-shard-00-01.zeztdiz.mongodb.net:27017 with max election id 7fffffff00000000000006fd and max set version 235
2024-11-22T22:25:35.985+07:00  WARN 28264 --- [demo] [    Test worker] .s.s.UserDetailsServiceAutoConfiguration : 

Using generated security password: c3906026-5233-4d85-b6d0-daccff5fbca5

This generated password is for development use only. Your security configuration must be updated before running your application in production.

2024-11-22T22:25:35.990+07:00  INFO 28264 --- [demo] [    Test worker] r$InitializeUserDetailsManagerConfigurer : Global AuthenticationManager configured with UserDetailsService bean with name inMemoryUserDetailsManager
2024-11-22T22:25:36.203+07:00  INFO 28264 --- [demo] [    Test worker] o.s.b.a.e.web.EndpointLinksResolver      : Exposing 1 endpoint beneath base path '/actuator'
2024-11-22T22:25:36.218+07:00  WARN 28264 --- [demo] [    Test worker] thorizationManagerRequestMatcherRegistry : One of the patterns in [api/payment/zalopay/callback] is missing a leading slash. This is discouraged; please include the leading slash in all your request matcher patterns. In future versions of Spring Security, leaving out the leading slash will result in an exception.
2024-11-22T22:25:36.506+07:00  INFO 28264 --- [demo] [    Test worker] com.example.demo.DemoApplicationTests    : Started DemoApplicationTests in 9.089 seconds (process running for 9.789)
]]></system-out>
  <system-err><![CDATA[]]></system-err>
</testsuite>
