<?xml version="1.0" encoding="UTF-8"?>
<testsuite name="com.example.demo.DemoApplicationTests" tests="1" skipped="0" failures="0" errors="0" timestamp="2024-10-13T17:09:39" hostname="DESKTOP-OQT6SUJ" time="0.667">
  <properties/>
  <testcase name="contextLoads()" classname="com.example.demo.DemoApplicationTests" time="0.667"/>
  <system-out><![CDATA[Standard Commons Logging discovery in action with spring-jcl: please remove commons-logging.jar from classpath in order to avoid potential conflicts
00:09:24.598 [Test worker] INFO org.springframework.test.context.support.AnnotationConfigContextLoaderUtils -- Could not detect default configuration classes for test class [com.example.demo.DemoApplicationTests]: DemoApplicationTests does not declare any static, non-private, non-final, nested classes annotated with @Configuration.
00:09:24.687 [Test worker] INFO org.springframework.boot.test.context.SpringBootTestContextBootstrapper -- Found @SpringBootConfiguration com.example.demo.DemoApplication for test class com.example.demo.DemoApplicationTests

  .   ____          _            __ _ _
 /\\ / ___'_ __ _ _(_)_ __  __ _ \ \ \ \
( ( )\___ | '_ | '_| | '_ \/ _` | \ \ \ \
 \\/  ___)| |_)| | | | | || (_| |  ) ) ) )
  '  |____| .__|_| |_|_| |_\__, | / / / /
 =========|_|==============|___/=/_/_/_/

 :: Spring Boot ::       (v3.4.0-SNAPSHOT)

2024-10-14T00:09:25.058+07:00  INFO 25432 --- [demo] [    Test worker] com.example.demo.DemoApplicationTests    : Starting DemoApplicationTests using Java 20.0.2 with PID 25432 (started by Nguyen in C:\Users\Nguyen\Tips-For-Effective-API-Design\demo)
2024-10-14T00:09:25.060+07:00  INFO 25432 --- [demo] [    Test worker] com.example.demo.DemoApplicationTests    : No active profile set, falling back to 1 default profile: "default"
2024-10-14T00:09:26.094+07:00  INFO 25432 --- [demo] [    Test worker] .s.d.r.c.RepositoryConfigurationDelegate : Bootstrapping Spring Data MongoDB repositories in DEFAULT mode.
2024-10-14T00:09:26.143+07:00  INFO 25432 --- [demo] [    Test worker] .s.d.r.c.RepositoryConfigurationDelegate : Finished Spring Data repository scanning in 45 ms. Found 1 MongoDB repository interface.
2024-10-14T00:09:36.027+07:00  INFO 25432 --- [demo] [    Test worker] org.mongodb.driver.client                : MongoClient with metadata {"driver": {"name": "mongo-java-driver|sync|spring-boot", "version": "5.1.4"}, "os": {"type": "Windows", "name": "Windows 11", "architecture": "amd64", "version": "10.0"}, "platform": "Java/Oracle Corporation/20.0.2+9-78"} created with settings MongoClientSettings{readPreference=primary, writeConcern=WriteConcern{w=majority, wTimeout=null ms, journal=null}, retryWrites=true, retryReads=true, readConcern=ReadConcern{level=null}, credential=MongoCredential{mechanism=null, userName='22520988', source='admin', password=<hidden>, mechanismProperties=<hidden>}, transportSettings=null, commandListeners=[io.micrometer.core.instrument.binder.mongodb.MongoMetricsCommandListener@7530090a], codecRegistry=ProvidersCodecRegistry{codecProviders=[ValueCodecProvider{}, BsonValueCodecProvider{}, DBRefCodecProvider{}, DBObjectCodecProvider{}, DocumentCodecProvider{}, CollectionCodecProvider{}, IterableCodecProvider{}, MapCodecProvider{}, GeoJsonCodecProvider{}, GridFSFileCodecProvider{}, Jsr310CodecProvider{}, JsonObjectCodecProvider{}, BsonCodecProvider{}, EnumCodecProvider{}, com.mongodb.client.model.mql.ExpressionCodecProvider@4492b393, com.mongodb.Jep395RecordCodecProvider@55fb36de, com.mongodb.KotlinCodecProvider@63a7781]}, loggerSettings=LoggerSettings{maxDocumentLength=1000}, clusterSettings={hosts=[127.0.0.1:27017], srvHost=cluster0.zeztdiz.mongodb.net, srvServiceName=mongodb, mode=MULTIPLE, requiredClusterType=REPLICA_SET, requiredReplicaSetName='atlas-kgg6c7-shard-0', serverSelector='null', clusterListeners='[]', serverSelectionTimeout='30000 ms', localThreshold='15 ms'}, socketSettings=SocketSettings{connectTimeoutMS=10000, readTimeoutMS=0, receiveBufferSize=0, proxySettings=ProxySettings{host=null, port=null, username=null, password=null}}, heartbeatSocketSettings=SocketSettings{connectTimeoutMS=10000, readTimeoutMS=10000, receiveBufferSize=0, proxySettings=ProxySettings{host=null, port=null, username=null, password=null}}, connectionPoolSettings=ConnectionPoolSettings{maxSize=100, minSize=0, maxWaitTimeMS=120000, maxConnectionLifeTimeMS=0, maxConnectionIdleTimeMS=0, maintenanceInitialDelayMS=0, maintenanceFrequencyMS=60000, connectionPoolListeners=[io.micrometer.core.instrument.binder.mongodb.MongoMetricsConnectionPoolListener@73b74615], maxConnecting=2}, serverSettings=ServerSettings{heartbeatFrequencyMS=10000, minHeartbeatFrequencyMS=500, serverMonitoringMode=AUTO, serverListeners='[]', serverMonitorListeners='[]'}, sslSettings=SslSettings{enabled=true, invalidHostNameAllowed=false, context=null}, applicationName='null', compressorList=[], uuidRepresentation=JAVA_LEGACY, serverApi=null, autoEncryptionSettings=null, dnsClient=null, inetAddressResolver=null, contextProvider=null}
2024-10-14T00:09:38.524+07:00  WARN 25432 --- [demo] [    Test worker] .s.s.UserDetailsServiceAutoConfiguration : 

Using generated security password: 2e02047f-4f0b-4f1f-9a55-1baa5838558b

This generated password is for development use only. Your security configuration must be updated before running your application in production.

2024-10-14T00:09:38.537+07:00  INFO 25432 --- [demo] [    Test worker] r$InitializeUserDetailsManagerConfigurer : Global AuthenticationManager configured with UserDetailsService bean with name inMemoryUserDetailsManager
2024-10-14T00:09:38.745+07:00  INFO 25432 --- [demo] [diz.mongodb.net] org.mongodb.driver.cluster               : Adding discovered server ac-wsatwkc-shard-00-02.zeztdiz.mongodb.net:27017 to client view of cluster
2024-10-14T00:09:38.783+07:00  INFO 25432 --- [demo] [diz.mongodb.net] org.mongodb.driver.cluster               : Adding discovered server ac-wsatwkc-shard-00-01.zeztdiz.mongodb.net:27017 to client view of cluster
2024-10-14T00:09:38.787+07:00  INFO 25432 --- [demo] [diz.mongodb.net] org.mongodb.driver.cluster               : Adding discovered server ac-wsatwkc-shard-00-00.zeztdiz.mongodb.net:27017 to client view of cluster
2024-10-14T00:09:38.958+07:00  INFO 25432 --- [demo] [    Test worker] o.s.b.a.e.web.EndpointLinksResolver      : Exposing 1 endpoint beneath base path '/actuator'
2024-10-14T00:09:39.540+07:00  INFO 25432 --- [demo] [ngodb.net:27017] org.mongodb.driver.cluster               : Monitor thread successfully connected to server with description ServerDescription{address=ac-wsatwkc-shard-00-01.zeztdiz.mongodb.net:27017, type=REPLICA_SET_SECONDARY, state=CONNECTED, ok=true, minWireVersion=0, maxWireVersion=21, maxDocumentSize=16777216, logicalSessionTimeoutMinutes=30, roundTripTimeNanos=369739700, setName='atlas-kgg6c7-shard-0', canonicalAddress=ac-wsatwkc-shard-00-01.zeztdiz.mongodb.net:27017, hosts=[ac-wsatwkc-shard-00-00.zeztdiz.mongodb.net:27017, ac-wsatwkc-shard-00-02.zeztdiz.mongodb.net:27017, ac-wsatwkc-shard-00-01.zeztdiz.mongodb.net:27017], passives=[], arbiters=[], primary='ac-wsatwkc-shard-00-02.zeztdiz.mongodb.net:27017', tagSet=TagSet{[Tag{name='availabilityZone', value='asia-southeast1-b'}, Tag{name='diskState', value='READY'}, Tag{name='nodeType', value='ELECTABLE'}, Tag{name='provider', value='GCP'}, Tag{name='region', value='SOUTHEASTERN_ASIA_PACIFIC'}, Tag{name='workloadType', value='OPERATIONAL'}]}, electionId=null, setVersion=181, topologyVersion=TopologyVersion{processId=670af4d7cb7c4029fa96cdf2, counter=3}, lastWriteDate=Mon Oct 14 00:09:39 ICT 2024, lastUpdateTimeNanos=20564431261500}
2024-10-14T00:09:39.540+07:00  INFO 25432 --- [demo] [ngodb.net:27017] org.mongodb.driver.cluster               : Monitor thread successfully connected to server with description ServerDescription{address=ac-wsatwkc-shard-00-00.zeztdiz.mongodb.net:27017, type=REPLICA_SET_SECONDARY, state=CONNECTED, ok=true, minWireVersion=0, maxWireVersion=21, maxDocumentSize=16777216, logicalSessionTimeoutMinutes=30, roundTripTimeNanos=373024100, setName='atlas-kgg6c7-shard-0', canonicalAddress=ac-wsatwkc-shard-00-00.zeztdiz.mongodb.net:27017, hosts=[ac-wsatwkc-shard-00-00.zeztdiz.mongodb.net:27017, ac-wsatwkc-shard-00-02.zeztdiz.mongodb.net:27017, ac-wsatwkc-shard-00-01.zeztdiz.mongodb.net:27017], passives=[], arbiters=[], primary='ac-wsatwkc-shard-00-02.zeztdiz.mongodb.net:27017', tagSet=TagSet{[Tag{name='availabilityZone', value='asia-southeast1-a'}, Tag{name='diskState', value='READY'}, Tag{name='nodeType', value='ELECTABLE'}, Tag{name='provider', value='GCP'}, Tag{name='region', value='SOUTHEASTERN_ASIA_PACIFIC'}, Tag{name='workloadType', value='OPERATIONAL'}]}, electionId=null, setVersion=181, topologyVersion=TopologyVersion{processId=670af3512ed10ac056b8fabd, counter=4}, lastWriteDate=Mon Oct 14 00:09:39 ICT 2024, lastUpdateTimeNanos=20564431261600}
2024-10-14T00:09:39.540+07:00  INFO 25432 --- [demo] [ngodb.net:27017] org.mongodb.driver.cluster               : Monitor thread successfully connected to server with description ServerDescription{address=ac-wsatwkc-shard-00-02.zeztdiz.mongodb.net:27017, type=REPLICA_SET_PRIMARY, state=CONNECTED, ok=true, minWireVersion=0, maxWireVersion=21, maxDocumentSize=16777216, logicalSessionTimeoutMinutes=30, roundTripTimeNanos=370515800, setName='atlas-kgg6c7-shard-0', canonicalAddress=ac-wsatwkc-shard-00-02.zeztdiz.mongodb.net:27017, hosts=[ac-wsatwkc-shard-00-00.zeztdiz.mongodb.net:27017, ac-wsatwkc-shard-00-02.zeztdiz.mongodb.net:27017, ac-wsatwkc-shard-00-01.zeztdiz.mongodb.net:27017], passives=[], arbiters=[], primary='ac-wsatwkc-shard-00-02.zeztdiz.mongodb.net:27017', tagSet=TagSet{[Tag{name='availabilityZone', value='asia-southeast1-c'}, Tag{name='diskState', value='READY'}, Tag{name='nodeType', value='ELECTABLE'}, Tag{name='provider', value='GCP'}, Tag{name='region', value='SOUTHEASTERN_ASIA_PACIFIC'}, Tag{name='workloadType', value='OPERATIONAL'}]}, electionId=7fffffff00000000000006d6, setVersion=181, topologyVersion=TopologyVersion{processId=670af24cc7d854a892e90576, counter=6}, lastWriteDate=Mon Oct 14 00:09:39 ICT 2024, lastUpdateTimeNanos=20564431261500}
2024-10-14T00:09:39.545+07:00  INFO 25432 --- [demo] [ngodb.net:27017] org.mongodb.driver.cluster               : Discovered replica set primary ac-wsatwkc-shard-00-02.zeztdiz.mongodb.net:27017 with max election id 7fffffff00000000000006d6 and max set version 181
2024-10-14T00:09:39.621+07:00  INFO 25432 --- [demo] [    Test worker] com.example.demo.DemoApplicationTests    : Started DemoApplicationTests in 14.814 seconds (process running for 15.775)
]]></system-out>
  <system-err><![CDATA[]]></system-err>
</testsuite>
