<?xml version="1.0" encoding="UTF-8"?>
<testsuite name="com.example.demo.DemoApplicationTests" tests="1" skipped="0" failures="0" errors="0" timestamp="2024-10-12T07:21:02" hostname="DESKTOP-B7G8SLV" time="0.457">
  <properties/>
  <testcase name="contextLoads()" classname="com.example.demo.DemoApplicationTests" time="0.457"/>
  <system-out><![CDATA[Standard Commons Logging discovery in action with spring-jcl: please remove commons-logging.jar from classpath in order to avoid potential conflicts
14:20:48.101 [Test worker] INFO org.springframework.test.context.support.AnnotationConfigContextLoaderUtils -- Could not detect default configuration classes for test class [com.example.demo.DemoApplicationTests]: DemoApplicationTests does not declare any static, non-private, non-final, nested classes annotated with @Configuration.
14:20:48.159 [Test worker] INFO org.springframework.boot.test.context.SpringBootTestContextBootstrapper -- Found @SpringBootConfiguration com.example.demo.DemoApplication for test class com.example.demo.DemoApplicationTests

  .   ____          _            __ _ _
 /\\ / ___'_ __ _ _(_)_ __  __ _ \ \ \ \
( ( )\___ | '_ | '_| | '_ \/ _` | \ \ \ \
 \\/  ___)| |_)| | | | | || (_| |  ) ) ) )
  '  |____| .__|_| |_|_| |_\__, | / / / /
 =========|_|==============|___/=/_/_/_/

 :: Spring Boot ::       (v3.4.0-SNAPSHOT)

2024-10-12T14:20:48.419+07:00  INFO 29048 --- [demo] [    Test worker] com.example.demo.DemoApplicationTests    : Starting DemoApplicationTests using Java 21.0.1 with PID 29048 (started by NC in C:\Users\NC\Desktop\EffectiveAPI\demo)
2024-10-12T14:20:48.419+07:00  INFO 29048 --- [demo] [    Test worker] com.example.demo.DemoApplicationTests    : No active profile set, falling back to 1 default profile: "default"
2024-10-12T14:20:48.912+07:00  INFO 29048 --- [demo] [    Test worker] .s.d.r.c.RepositoryConfigurationDelegate : Bootstrapping Spring Data MongoDB repositories in DEFAULT mode.
2024-10-12T14:20:48.944+07:00  INFO 29048 --- [demo] [    Test worker] .s.d.r.c.RepositoryConfigurationDelegate : Finished Spring Data repository scanning in 23 ms. Found 1 MongoDB repository interface.
2024-10-12T14:20:59.546+07:00  INFO 29048 --- [demo] [    Test worker] org.mongodb.driver.client                : MongoClient with metadata {"driver": {"name": "mongo-java-driver|sync|spring-boot", "version": "5.1.4"}, "os": {"type": "Windows", "name": "Windows 11", "architecture": "amd64", "version": "10.0"}, "platform": "Java/Oracle Corporation/21.0.1+12-LTS-29"} created with settings MongoClientSettings{readPreference=primary, writeConcern=WriteConcern{w=majority, wTimeout=null ms, journal=null}, retryWrites=true, retryReads=true, readConcern=ReadConcern{level=null}, credential=MongoCredential{mechanism=null, userName='22520988', source='admin', password=<hidden>, mechanismProperties=<hidden>}, transportSettings=null, commandListeners=[io.micrometer.core.instrument.binder.mongodb.MongoMetricsCommandListener@36dafa24], codecRegistry=ProvidersCodecRegistry{codecProviders=[ValueCodecProvider{}, BsonValueCodecProvider{}, DBRefCodecProvider{}, DBObjectCodecProvider{}, DocumentCodecProvider{}, CollectionCodecProvider{}, IterableCodecProvider{}, MapCodecProvider{}, GeoJsonCodecProvider{}, GridFSFileCodecProvider{}, Jsr310CodecProvider{}, JsonObjectCodecProvider{}, BsonCodecProvider{}, EnumCodecProvider{}, com.mongodb.client.model.mql.ExpressionCodecProvider@2b098563, com.mongodb.Jep395RecordCodecProvider@c758a2d, com.mongodb.KotlinCodecProvider@d0b814d]}, loggerSettings=LoggerSettings{maxDocumentLength=1000}, clusterSettings={hosts=[127.0.0.1:27017], srvHost=cluster0.zeztdiz.mongodb.net, srvServiceName=mongodb, mode=MULTIPLE, requiredClusterType=REPLICA_SET, requiredReplicaSetName='atlas-kgg6c7-shard-0', serverSelector='null', clusterListeners='[]', serverSelectionTimeout='30000 ms', localThreshold='15 ms'}, socketSettings=SocketSettings{connectTimeoutMS=10000, readTimeoutMS=0, receiveBufferSize=0, proxySettings=ProxySettings{host=null, port=null, username=null, password=null}}, heartbeatSocketSettings=SocketSettings{connectTimeoutMS=10000, readTimeoutMS=10000, receiveBufferSize=0, proxySettings=ProxySettings{host=null, port=null, username=null, password=null}}, connectionPoolSettings=ConnectionPoolSettings{maxSize=100, minSize=0, maxWaitTimeMS=120000, maxConnectionLifeTimeMS=0, maxConnectionIdleTimeMS=0, maintenanceInitialDelayMS=0, maintenanceFrequencyMS=60000, connectionPoolListeners=[io.micrometer.core.instrument.binder.mongodb.MongoMetricsConnectionPoolListener@6ce15112], maxConnecting=2}, serverSettings=ServerSettings{heartbeatFrequencyMS=10000, minHeartbeatFrequencyMS=500, serverMonitoringMode=AUTO, serverListeners='[]', serverMonitorListeners='[]'}, sslSettings=SslSettings{enabled=true, invalidHostNameAllowed=false, context=null}, applicationName='null', compressorList=[], uuidRepresentation=JAVA_LEGACY, serverApi=null, autoEncryptionSettings=null, dnsClient=null, inetAddressResolver=null, contextProvider=null}
2024-10-12T14:21:01.685+07:00  INFO 29048 --- [demo] [diz.mongodb.net] org.mongodb.driver.cluster               : Adding discovered server ac-wsatwkc-shard-00-02.zeztdiz.mongodb.net:27017 to client view of cluster
2024-10-12T14:21:01.700+07:00  INFO 29048 --- [demo] [diz.mongodb.net] org.mongodb.driver.cluster               : Adding discovered server ac-wsatwkc-shard-00-01.zeztdiz.mongodb.net:27017 to client view of cluster
2024-10-12T14:21:01.700+07:00  INFO 29048 --- [demo] [diz.mongodb.net] org.mongodb.driver.cluster               : Adding discovered server ac-wsatwkc-shard-00-00.zeztdiz.mongodb.net:27017 to client view of cluster
2024-10-12T14:21:02.201+07:00  INFO 29048 --- [demo] [ngodb.net:27017] org.mongodb.driver.cluster               : Monitor thread successfully connected to server with description ServerDescription{address=ac-wsatwkc-shard-00-02.zeztdiz.mongodb.net:27017, type=REPLICA_SET_PRIMARY, state=CONNECTED, ok=true, minWireVersion=0, maxWireVersion=21, maxDocumentSize=16777216, logicalSessionTimeoutMinutes=30, roundTripTimeNanos=254644500, setName='atlas-kgg6c7-shard-0', canonicalAddress=ac-wsatwkc-shard-00-02.zeztdiz.mongodb.net:27017, hosts=[ac-wsatwkc-shard-00-00.zeztdiz.mongodb.net:27017, ac-wsatwkc-shard-00-02.zeztdiz.mongodb.net:27017, ac-wsatwkc-shard-00-01.zeztdiz.mongodb.net:27017], passives=[], arbiters=[], primary='ac-wsatwkc-shard-00-02.zeztdiz.mongodb.net:27017', tagSet=TagSet{[Tag{name='availabilityZone', value='asia-southeast1-c'}, Tag{name='diskState', value='READY'}, Tag{name='nodeType', value='ELECTABLE'}, Tag{name='provider', value='GCP'}, Tag{name='region', value='SOUTHEASTERN_ASIA_PACIFIC'}, Tag{name='workloadType', value='OPERATIONAL'}]}, electionId=7fffffff00000000000006d4, setVersion=181, topologyVersion=TopologyVersion{processId=67097ded79f61f41d9ba16b4, counter=9}, lastWriteDate=Sat Oct 12 14:21:01 ICT 2024, lastUpdateTimeNanos=186892785869400}
2024-10-12T14:21:02.201+07:00  INFO 29048 --- [demo] [ngodb.net:27017] org.mongodb.driver.cluster               : Monitor thread successfully connected to server with description ServerDescription{address=ac-wsatwkc-shard-00-00.zeztdiz.mongodb.net:27017, type=REPLICA_SET_SECONDARY, state=CONNECTED, ok=true, minWireVersion=0, maxWireVersion=21, maxDocumentSize=16777216, logicalSessionTimeoutMinutes=30, roundTripTimeNanos=246354700, setName='atlas-kgg6c7-shard-0', canonicalAddress=ac-wsatwkc-shard-00-00.zeztdiz.mongodb.net:27017, hosts=[ac-wsatwkc-shard-00-00.zeztdiz.mongodb.net:27017, ac-wsatwkc-shard-00-02.zeztdiz.mongodb.net:27017, ac-wsatwkc-shard-00-01.zeztdiz.mongodb.net:27017], passives=[], arbiters=[], primary='ac-wsatwkc-shard-00-02.zeztdiz.mongodb.net:27017', tagSet=TagSet{[Tag{name='availabilityZone', value='asia-southeast1-a'}, Tag{name='diskState', value='READY'}, Tag{name='nodeType', value='ELECTABLE'}, Tag{name='provider', value='GCP'}, Tag{name='region', value='SOUTHEASTERN_ASIA_PACIFIC'}, Tag{name='workloadType', value='OPERATIONAL'}]}, electionId=null, setVersion=181, topologyVersion=TopologyVersion{processId=67097ef523b4fe3761541c7d, counter=5}, lastWriteDate=Sat Oct 12 14:21:01 ICT 2024, lastUpdateTimeNanos=186892785869500}
2024-10-12T14:21:02.201+07:00  INFO 29048 --- [demo] [ngodb.net:27017] org.mongodb.driver.cluster               : Monitor thread successfully connected to server with description ServerDescription{address=ac-wsatwkc-shard-00-01.zeztdiz.mongodb.net:27017, type=REPLICA_SET_SECONDARY, state=CONNECTED, ok=true, minWireVersion=0, maxWireVersion=21, maxDocumentSize=16777216, logicalSessionTimeoutMinutes=30, roundTripTimeNanos=186350000, setName='atlas-kgg6c7-shard-0', canonicalAddress=ac-wsatwkc-shard-00-01.zeztdiz.mongodb.net:27017, hosts=[ac-wsatwkc-shard-00-00.zeztdiz.mongodb.net:27017, ac-wsatwkc-shard-00-02.zeztdiz.mongodb.net:27017, ac-wsatwkc-shard-00-01.zeztdiz.mongodb.net:27017], passives=[], arbiters=[], primary='ac-wsatwkc-shard-00-02.zeztdiz.mongodb.net:27017', tagSet=TagSet{[Tag{name='availabilityZone', value='asia-southeast1-b'}, Tag{name='diskState', value='READY'}, Tag{name='nodeType', value='ELECTABLE'}, Tag{name='provider', value='GCP'}, Tag{name='region', value='SOUTHEASTERN_ASIA_PACIFIC'}, Tag{name='workloadType', value='OPERATIONAL'}]}, electionId=null, setVersion=181, topologyVersion=TopologyVersion{processId=670980287f80e7bc489f379f, counter=5}, lastWriteDate=Sat Oct 12 14:21:01 ICT 2024, lastUpdateTimeNanos=186892785869500}
2024-10-12T14:21:02.201+07:00  INFO 29048 --- [demo] [ngodb.net:27017] org.mongodb.driver.cluster               : Discovered replica set primary ac-wsatwkc-shard-00-02.zeztdiz.mongodb.net:27017 with max election id 7fffffff00000000000006d4 and max set version 181
2024-10-12T14:21:02.491+07:00  INFO 29048 --- [demo] [    Test worker] o.s.b.a.e.web.EndpointLinksResolver      : Exposing 1 endpoint beneath base path '/actuator'
2024-10-12T14:21:02.541+07:00  INFO 29048 --- [demo] [    Test worker] com.example.demo.DemoApplicationTests    : Started DemoApplicationTests in 14.288 seconds (process running for 15.02)
]]></system-out>
  <system-err><![CDATA[WARNING: A Java agent has been loaded dynamically (C:\Users\NC\.gradle\caches\modules-2\files-2.1\net.bytebuddy\byte-buddy-agent\1.15.1\d5c8cbe2c1b94a5efa3f9f0736e1b3f00b5f6103\byte-buddy-agent-1.15.1.jar)
WARNING: If a serviceability tool is in use, please run with -XX:+EnableDynamicAgentLoading to hide this warning
WARNING: If a serviceability tool is not in use, please run with -Djdk.instrument.traceUsage for more information
WARNING: Dynamic loading of agents will be disallowed by default in a future release
]]></system-err>
</testsuite>
